[2020-04-13T11:27:51.216] [DEBUG] cheese - login => username:zs,password:123456
[2020-04-13T11:27:51.218] [DEBUG] cheese - zs
[2020-04-13T11:27:53.878] [DEBUG] cheese - null
[2020-04-13T11:27:53.878] [DEBUG] cheese - null
[2020-04-13T11:28:46.527] [DEBUG] cheese - login => username:admin,password:123456
[2020-04-13T11:28:46.527] [DEBUG] cheese - admin
[2020-04-13T11:28:46.532] [DEBUG] cheese - null
[2020-04-13T11:28:46.532] [DEBUG] cheese - null
[2020-04-15T11:33:15.767] [DEBUG] cheese - login => username:zs321,password:12323123
[2020-04-15T11:33:15.770] [DEBUG] cheese - zs321
[2020-04-15T11:33:15.840] [DEBUG] cheese - null
[2020-04-15T11:33:15.840] [DEBUG] cheese - null
[2020-04-15T11:52:07.698] [DEBUG] cheese - login => username:zsweq,password:123weqw
[2020-04-15T11:52:07.699] [DEBUG] cheese - zsweq
[2020-04-15T11:52:07.729] [DEBUG] cheese - null
[2020-04-15T11:52:07.729] [DEBUG] cheese - null
[2020-04-15T11:52:19.602] [DEBUG] cheese - login => username:admin,password:123456
[2020-04-15T11:52:19.602] [DEBUG] cheese - admin
[2020-04-15T11:52:19.607] [DEBUG] cheese - null
[2020-04-15T11:52:19.607] [DEBUG] cheese - null
[2020-04-15T12:11:22.450] [DEBUG] cheese - login => username:zsdsadd,password:123sadsa
[2020-04-15T12:11:22.450] [DEBUG] cheese - zsdsadd
[2020-04-15T12:11:22.453] [DEBUG] cheese - null
[2020-04-15T12:11:22.453] [DEBUG] cheese - null
[2020-04-15T12:11:34.574] [DEBUG] cheese - login => username:admin,password:123456
[2020-04-15T12:11:34.574] [DEBUG] cheese - admin
[2020-04-15T12:11:34.577] [DEBUG] cheese - null
[2020-04-15T12:11:34.577] [DEBUG] cheese - null
[2020-04-15T12:12:01.135] [DEBUG] cheese - login => username:admin,password:123456
[2020-04-15T12:12:01.135] [DEBUG] cheese - admin
[2020-04-15T12:12:01.138] [DEBUG] cheese - null
[2020-04-15T12:12:01.138] [DEBUG] cheese - null
[2020-04-15T12:12:05.972] [DEBUG] cheese - login => username:sdsa,password:asdasdsdass
[2020-04-15T12:12:05.972] [DEBUG] cheese - sdsa
[2020-04-15T12:12:05.974] [DEBUG] cheese - null
[2020-04-15T12:12:05.975] [DEBUG] cheese - null
[2020-04-15T12:29:49.436] [DEBUG] cheese - login => username:admin,password:123456
[2020-04-15T12:29:49.436] [DEBUG] cheese - admin
[2020-04-15T12:29:49.439] [DEBUG] cheese - null
[2020-04-15T12:29:49.439] [DEBUG] cheese - null
[2020-04-16T22:31:47.271] [DEBUG] cheese - login => username:admin,password:123456
[2020-04-16T22:31:47.272] [DEBUG] cheese - admin
[2020-04-16T22:31:47.367] [DEBUG] cheese - null
[2020-04-16T22:31:47.368] [DEBUG] cheese - null
[2020-04-16T22:31:54.207] [DEBUG] cheese - login => username:admin,password:123456
[2020-04-16T22:31:54.208] [DEBUG] cheese - admin
[2020-04-16T22:31:54.210] [DEBUG] cheese - null
[2020-04-16T22:31:54.210] [DEBUG] cheese - null
[2020-04-16T23:08:41.088] [DEBUG] cheese - login => username:admin,password:123456
[2020-04-16T23:08:41.089] [DEBUG] cheese - admin
[2020-04-16T23:08:41.092] [DEBUG] cheese - null
[2020-04-16T23:08:41.093] [DEBUG] cheese - null
[2020-04-17T22:46:23.430] [DEBUG] cheese - login => username:admin,password:123456
[2020-04-17T22:46:23.431] [DEBUG] cheese - admin
[2020-04-17T22:46:23.592] [DEBUG] cheese - null
[2020-04-17T22:46:23.592] [DEBUG] cheese - null
[2020-04-18T11:15:05.806] [DEBUG] cheese - login => username:admin,password:123456
[2020-04-18T11:15:05.807] [DEBUG] cheese - admin
[2020-04-18T11:15:05.924] [DEBUG] cheese - null
[2020-04-18T11:15:05.924] [DEBUG] cheese - null
[2020-04-18T11:15:30.185] [DEBUG] cheese - login => username:admin,password:123456
[2020-04-18T11:15:30.185] [DEBUG] cheese - admin
[2020-04-18T11:15:30.188] [DEBUG] cheese - null
[2020-04-18T11:15:30.188] [DEBUG] cheese - null
[2020-04-18T11:16:38.935] [DEBUG] cheese - login => username:admin,password:123456
[2020-04-18T11:16:38.935] [DEBUG] cheese - admin
[2020-04-18T11:16:38.938] [DEBUG] cheese - null
[2020-04-18T11:16:38.938] [DEBUG] cheese - null
[2020-04-18T12:19:32.704] [DEBUG] cheese - login => username:admin,password:123456
[2020-04-18T12:19:32.705] [DEBUG] cheese - admin
[2020-04-18T12:19:32.908] [DEBUG] cheese - null
[2020-04-18T12:19:32.908] [DEBUG] cheese - null
[2020-04-18T13:57:38.804] [DEBUG] cheese - login => username:admin,password:123456
[2020-04-18T13:57:38.804] [DEBUG] cheese - admin
[2020-04-18T13:57:39.399] [DEBUG] cheese - null
[2020-04-18T13:57:39.400] [DEBUG] cheese - null
[2020-04-19T10:17:59.352] [DEBUG] cheese - login => username:admin,password:123456
[2020-04-19T10:17:59.353] [DEBUG] cheese - admin
[2020-04-19T10:17:59.437] [DEBUG] cheese - null
[2020-04-19T10:17:59.437] [DEBUG] cheese - null
[2020-04-19T10:46:36.010] [DEBUG] cheese - login => username:admin,password:123456
[2020-04-19T10:46:36.010] [DEBUG] cheese - admin
[2020-04-19T10:46:36.014] [DEBUG] cheese - null
[2020-04-19T10:46:36.014] [DEBUG] cheese - null
[2020-04-19T10:47:21.413] [DEBUG] cheese - login => username:admin,password:123456
[2020-04-19T10:47:21.414] [DEBUG] cheese - admin
[2020-04-19T10:47:21.417] [DEBUG] cheese - null
[2020-04-19T10:47:21.417] [DEBUG] cheese - null
[2020-04-25T15:51:11.046] [DEBUG] cheese - login => username:admin,password:123456
[2020-04-25T15:51:11.048] [DEBUG] cheese - admin
[2020-04-25T15:51:11.132] [DEBUG] cheese - null
[2020-04-25T15:51:11.132] [DEBUG] cheese - null
[2020-04-27T09:27:11.643] [DEBUG] cheese - login => username:admin,password:123456
[2020-04-27T09:27:11.644] [DEBUG] cheese - admin
[2020-04-27T09:27:11.745] [DEBUG] cheese - null
[2020-04-27T09:27:11.745] [DEBUG] cheese - null
[2020-04-27T10:57:57.311] [DEBUG] cheese - login => username:admin,password:123456
[2020-04-27T10:57:57.312] [DEBUG] cheese - admin
[2020-04-27T10:57:57.463] [DEBUG] cheese - null
[2020-04-27T10:57:57.463] [DEBUG] cheese - null
[2020-04-27T16:34:11.026] [DEBUG] cheese - login => username:admin,password:123456
[2020-04-27T16:34:11.027] [DEBUG] cheese - admin
[2020-04-27T16:34:11.039] [DEBUG] cheese - null
[2020-04-27T16:34:11.040] [DEBUG] cheese - null
[2020-04-27T17:29:12.692] [DEBUG] cheese - login => username:admin,password:123456
[2020-04-27T17:29:12.693] [DEBUG] cheese - admin
[2020-04-27T17:29:12.770] [DEBUG] cheese - null
[2020-04-27T17:29:12.770] [DEBUG] cheese - null
[2020-04-28T09:49:45.553] [DEBUG] cheese - login => username:admin,password:123456
[2020-04-28T09:49:45.555] [DEBUG] cheese - admin
[2020-04-28T09:49:45.716] [DEBUG] cheese - null
[2020-04-28T09:49:45.717] [DEBUG] cheese - null
[2020-04-28T10:52:32.667] [DEBUG] cheese - login => username:admin,password:123456
[2020-04-28T10:52:32.667] [DEBUG] cheese - admin
[2020-04-28T10:52:32.796] [DEBUG] cheese - null
[2020-04-28T10:52:32.796] [DEBUG] cheese - null
[2020-04-29T10:18:10.336] [DEBUG] cheese - login => username:admin,password:123456
[2020-04-29T10:18:10.338] [DEBUG] cheese - admin
[2020-04-29T10:18:10.455] [DEBUG] cheese - null
[2020-04-29T10:18:10.456] [DEBUG] cheese - null
[2020-04-29T10:22:26.875] [DEBUG] cheese - login => username:admin,password:123456
[2020-04-29T10:22:26.875] [DEBUG] cheese - admin
[2020-04-29T10:22:26.878] [DEBUG] cheese - null
[2020-04-29T10:22:26.878] [DEBUG] cheese - null
[2020-04-30T10:38:25.344] [DEBUG] cheese - login => username:admin,password:123456
[2020-04-30T10:38:25.345] [DEBUG] cheese - admin
[2020-04-30T10:38:25.416] [DEBUG] cheese - null
[2020-04-30T10:38:25.416] [DEBUG] cheese - null
[2020-04-30T15:06:02.020] [DEBUG] cheese - null
[2020-04-30T15:09:48.692] [DEBUG] cheese - login => username:admin,password:123456
[2020-04-30T15:09:48.693] [DEBUG] cheese - admin
[2020-04-30T15:09:48.853] [DEBUG] cheese - null
[2020-04-30T15:09:48.853] [DEBUG] cheese - null
[2020-04-30T15:10:07.354] [DEBUG] cheese - null
[2020-04-30T15:19:32.945] [DEBUG] cheese - null
[2020-04-30T15:28:33.648] [DEBUG] cheese - null
[2020-04-30T15:28:37.472] [DEBUG] cheese - null
[2020-04-30T15:32:28.752] [DEBUG] cheese - null
[2020-04-30T15:52:35.326] [DEBUG] cheese - login => username:admin,password:123456
[2020-04-30T15:52:35.326] [DEBUG] cheese - admin
[2020-04-30T15:52:35.330] [DEBUG] cheese - null
[2020-04-30T15:52:35.330] [DEBUG] cheese - null
[2020-04-30T18:31:34.078] [DEBUG] cheese - login => username:admin,password:123456
[2020-04-30T18:31:34.079] [DEBUG] cheese - admin
[2020-04-30T18:31:34.084] [DEBUG] cheese - null
[2020-04-30T18:31:34.084] [DEBUG] cheese - null
[2020-05-01T10:08:36.881] [DEBUG] cheese - login => username:admin,password:123456
[2020-05-01T10:08:36.882] [DEBUG] cheese - admin
[2020-05-01T10:08:36.950] [DEBUG] cheese - null
[2020-05-01T10:08:36.951] [DEBUG] cheese - null
[2020-05-01T16:16:59.418] [DEBUG] cheese - login => username:admin,password:123456
[2020-05-01T16:16:59.420] [DEBUG] cheese - admin
[2020-05-01T16:16:59.503] [DEBUG] cheese - null
[2020-05-01T16:16:59.504] [DEBUG] cheese - null
[2020-05-01T20:26:34.970] [DEBUG] cheese - login => username:admin,password:123456
[2020-05-01T20:26:34.970] [DEBUG] cheese - admin
[2020-05-01T20:26:34.975] [DEBUG] cheese - null
[2020-05-01T20:26:34.975] [DEBUG] cheese - null
[2020-05-01T22:34:48.020] [DEBUG] cheese - login => username:admin,password:123456
[2020-05-01T22:34:48.021] [DEBUG] cheese - admin
[2020-05-01T22:34:48.225] [DEBUG] cheese - null
[2020-05-01T22:34:48.225] [DEBUG] cheese - null
[2020-05-02T09:48:05.573] [DEBUG] cheese - login => username:admin,password:123456
[2020-05-02T09:48:05.574] [DEBUG] cheese - admin
[2020-05-02T09:48:05.671] [DEBUG] cheese - null
[2020-05-02T09:48:05.672] [DEBUG] cheese - null
[2020-05-03T09:09:54.184] [DEBUG] cheese - login => username:admin,password:123456
[2020-05-03T09:09:54.185] [DEBUG] cheese - admin
[2020-05-03T09:09:54.252] [DEBUG] cheese - null
[2020-05-03T09:09:54.253] [DEBUG] cheese - null
[2020-05-03T10:30:09.192] [DEBUG] cheese - login => username:admin,password:123456
[2020-05-03T10:30:09.193] [DEBUG] cheese - admin
[2020-05-03T10:30:09.200] [DEBUG] cheese - null
[2020-05-03T10:30:09.200] [DEBUG] cheese - null
[2020-05-03T23:11:28.546] [DEBUG] cheese - login => username:admin,password:123456
[2020-05-03T23:11:28.547] [DEBUG] cheese - admin
[2020-05-03T23:11:28.626] [DEBUG] cheese - null
[2020-05-03T23:11:28.626] [DEBUG] cheese - null
[2020-05-03T23:17:22.032] [DEBUG] cheese - login => username:admin,password:123456
[2020-05-03T23:17:22.033] [DEBUG] cheese - admin
[2020-05-03T23:17:22.039] [DEBUG] cheese - null
[2020-05-03T23:17:22.039] [DEBUG] cheese - null
[2020-05-04T08:57:44.757] [DEBUG] cheese - login => username:admin,password:123456
[2020-05-04T08:57:44.758] [DEBUG] cheese - admin
[2020-05-04T08:57:44.841] [DEBUG] cheese - null
[2020-05-04T08:57:44.842] [DEBUG] cheese - null
[2020-05-04T14:52:11.937] [DEBUG] cheese - login => username:admin,password:123456
[2020-05-04T14:52:11.939] [DEBUG] cheese - admin
[2020-05-04T14:52:11.944] [DEBUG] cheese - null
[2020-05-04T14:52:11.944] [DEBUG] cheese - null
[2020-05-04T15:26:56.984] [DEBUG] cheese - login => username:admin,password:123456
[2020-05-04T15:26:56.986] [DEBUG] cheese - admin
[2020-05-04T15:26:56.995] [DEBUG] cheese - null
[2020-05-04T15:26:56.996] [DEBUG] cheese - null
[2020-05-04T17:12:55.721] [DEBUG] cheese - login => username:admin,password:123456
[2020-05-04T17:12:55.723] [DEBUG] cheese - admin
[2020-05-04T17:12:55.859] [DEBUG] cheese - null
[2020-05-04T17:12:55.860] [DEBUG] cheese - null
[2020-05-05T15:15:32.133] [DEBUG] cheese - login => username:admin,password:123456
[2020-05-05T15:15:32.134] [DEBUG] cheese - admin
[2020-05-05T15:15:32.961] [DEBUG] cheese - null
[2020-05-05T15:15:32.961] [DEBUG] cheese - null
[2020-05-05T15:55:53.362] [DEBUG] cheese - login => username:admin,password:123456
[2020-05-05T15:55:53.363] [DEBUG] cheese - admin
[2020-05-05T15:55:53.516] [DEBUG] cheese - null
[2020-05-05T15:55:53.516] [DEBUG] cheese - null
[2020-05-06T10:19:57.457] [DEBUG] cheese - login => username:admin,password:123456
[2020-05-06T10:19:57.458] [DEBUG] cheese - admin
[2020-05-06T10:19:57.551] [DEBUG] cheese - null
[2020-05-06T10:19:57.551] [DEBUG] cheese - null
[2020-05-07T21:37:18.376] [DEBUG] cheese - login => username:admin,password:123456
[2020-05-07T21:37:18.377] [DEBUG] cheese - admin
[2020-05-07T21:37:18.450] [DEBUG] cheese - null
[2020-05-07T21:37:18.450] [DEBUG] cheese - null
[2020-05-07T23:31:08.724] [DEBUG] cheese - null
[2020-05-08T10:46:37.108] [DEBUG] cheese - login => username:admin,password:123456
[2020-05-08T10:46:37.110] [DEBUG] cheese - admin
[2020-05-08T10:46:37.303] [DEBUG] cheese - null
[2020-05-08T10:46:37.303] [DEBUG] cheese - null
[2020-05-08T22:40:59.864] [DEBUG] cheese - login => username:admin,password:123456
[2020-05-08T22:40:59.866] [DEBUG] cheese - admin
[2020-05-08T22:41:00.082] [DEBUG] cheese - null
[2020-05-08T22:41:00.082] [DEBUG] cheese - null
[2020-05-09T09:33:17.687] [DEBUG] cheese - login => username:admin,password:123456
[2020-05-09T09:33:17.689] [DEBUG] cheese - admin
[2020-05-09T09:33:17.831] [DEBUG] cheese - null
[2020-05-09T09:33:17.831] [DEBUG] cheese - null
[2020-05-09T12:27:10.606] [DEBUG] cheese - login => username:admin,password:123456
[2020-05-09T12:27:10.608] [DEBUG] cheese - admin
[2020-05-09T12:27:11.144] [DEBUG] cheese - null
[2020-05-09T12:27:11.145] [DEBUG] cheese - null
[2020-05-09T15:48:20.414] [DEBUG] cheese - login => username:admin,password:123456
[2020-05-09T15:48:20.415] [DEBUG] cheese - admin
[2020-05-09T15:48:21.494] [DEBUG] cheese - null
[2020-05-09T15:48:21.494] [DEBUG] cheese - null
[2020-05-09T15:49:24.664] [DEBUG] cheese - login => username:admin,password:123456
[2020-05-09T15:49:24.666] [DEBUG] cheese - admin
[2020-05-09T15:49:24.678] [DEBUG] cheese - null
[2020-05-09T15:49:24.679] [DEBUG] cheese - null
[2020-05-09T16:08:14.244] [DEBUG] cheese - login => username:admin,password:123456
[2020-05-09T16:08:14.245] [DEBUG] cheese - admin
[2020-05-09T16:08:14.249] [DEBUG] cheese - null
[2020-05-09T16:08:14.249] [DEBUG] cheese - null
[2020-05-09T16:33:28.822] [DEBUG] cheese - login => username:admin,password:123456
[2020-05-09T16:33:28.824] [DEBUG] cheese - admin
[2020-05-09T16:33:28.830] [DEBUG] cheese - null
[2020-05-09T16:33:28.831] [DEBUG] cheese - null
[2020-05-09T16:41:48.048] [DEBUG] cheese - login => username:admin,password:123456
[2020-05-09T16:41:48.048] [DEBUG] cheese - admin
[2020-05-09T16:41:48.050] [DEBUG] cheese - null
[2020-05-09T16:41:48.050] [DEBUG] cheese - null
[2020-05-09T16:53:21.277] [DEBUG] cheese - login => username:admin,password:123456
[2020-05-09T16:53:21.277] [DEBUG] cheese - admin
[2020-05-09T16:53:21.283] [DEBUG] cheese - null
[2020-05-09T16:53:21.283] [DEBUG] cheese - null
[2020-05-09T17:20:55.826] [DEBUG] cheese - login => username:admin,password:123456
[2020-05-09T17:20:55.827] [DEBUG] cheese - admin
[2020-05-09T17:20:56.042] [DEBUG] cheese - null
[2020-05-09T17:20:56.043] [DEBUG] cheese - null
[2020-05-09T17:37:07.788] [DEBUG] cheese - login => username:admin,password:123456
[2020-05-09T17:37:07.788] [DEBUG] cheese - admin
[2020-05-09T17:37:07.792] [DEBUG] cheese - null
[2020-05-09T17:37:07.793] [DEBUG] cheese - null
[2020-05-09T17:47:36.020] [DEBUG] cheese - login => username:admin,password:123456
[2020-05-09T17:47:36.020] [DEBUG] cheese - admin
[2020-05-09T17:47:36.024] [DEBUG] cheese - null
[2020-05-09T17:47:36.024] [DEBUG] cheese - null
[2020-05-11T22:51:19.589] [DEBUG] cheese - login => username:admin,password:123456
[2020-05-11T22:51:19.591] [DEBUG] cheese - admin
[2020-05-11T22:51:19.741] [DEBUG] cheese - null
[2020-05-11T22:51:19.741] [DEBUG] cheese - null
[2020-05-11T22:55:46.149] [DEBUG] cheese - login => username:admin,password:123456
[2020-05-11T22:55:46.150] [DEBUG] cheese - admin
[2020-05-11T22:55:46.157] [DEBUG] cheese - null
[2020-05-11T22:55:46.157] [DEBUG] cheese - null
[2020-05-11T23:16:46.803] [DEBUG] cheese - login => username:admin,password:123456
[2020-05-11T23:16:46.804] [DEBUG] cheese - admin
[2020-05-11T23:16:46.816] [DEBUG] cheese - null
[2020-05-11T23:16:46.816] [DEBUG] cheese - null
[2020-05-11T23:18:19.984] [DEBUG] cheese - login => username:admin,password:123456
[2020-05-11T23:18:19.984] [DEBUG] cheese - admin
[2020-05-11T23:18:19.987] [DEBUG] cheese - null
[2020-05-11T23:18:19.987] [DEBUG] cheese - null
[2020-06-03T12:31:00.887] [DEBUG] cheese - login => username:admin,password:123456
[2020-06-03T12:31:00.888] [DEBUG] cheese - admin
[2020-06-03T12:31:00.901] [DEBUG] cheese - null
[2020-06-03T12:31:00.901] [DEBUG] cheese - null
[2020-06-03T12:55:20.542] [DEBUG] cheese - login => username:admin,password:123456
[2020-06-03T12:55:20.544] [DEBUG] cheese - admin
[2020-06-03T12:55:20.555] [DEBUG] cheese - null
[2020-06-03T12:55:20.555] [DEBUG] cheese - null
[2020-06-03T13:15:19.716] [DEBUG] cheese - login => username:admin,password:123456
[2020-06-03T13:15:19.717] [DEBUG] cheese - admin
[2020-06-03T13:15:19.729] [DEBUG] cheese - null
[2020-06-03T13:15:19.730] [DEBUG] cheese - null
[2020-06-03T13:19:01.265] [DEBUG] cheese - login => username:admin,password:123456
[2020-06-03T13:19:01.267] [DEBUG] cheese - admin
[2020-06-03T13:19:01.271] [DEBUG] cheese - null
[2020-06-03T13:19:01.272] [DEBUG] cheese - null
[2020-06-03T13:31:01.999] [DEBUG] cheese - login => username:admin,password:123456
[2020-06-03T13:31:02.001] [DEBUG] cheese - admin
[2020-06-03T13:31:02.012] [DEBUG] cheese - null
[2020-06-03T13:31:02.013] [DEBUG] cheese - null
[2020-06-03T14:23:41.675] [DEBUG] cheese - login => username:admin,password:123456
[2020-06-03T14:23:41.676] [DEBUG] cheese - admin
[2020-06-03T14:23:41.687] [DEBUG] cheese - null
[2020-06-03T14:23:41.687] [DEBUG] cheese - null
[2020-06-03T22:28:16.852] [DEBUG] cheese - login => username:admin,password:123456
[2020-06-03T22:28:16.853] [DEBUG] cheese - admin
[2020-06-03T22:28:16.916] [DEBUG] cheese - null
[2020-06-03T22:28:16.916] [DEBUG] cheese - null
[2020-06-03T22:48:23.358] [DEBUG] cheese - login => username:admin,password:123456
[2020-06-03T22:48:23.359] [DEBUG] cheese - admin
[2020-06-03T22:48:23.364] [DEBUG] cheese - null
[2020-06-03T22:48:23.365] [DEBUG] cheese - null
[2020-06-03T22:50:34.362] [DEBUG] cheese - login => username:admin,password:123456
[2020-06-03T22:50:34.362] [DEBUG] cheese - admin
[2020-06-03T22:50:34.364] [DEBUG] cheese - null
[2020-06-03T22:50:34.365] [DEBUG] cheese - null
[2020-06-03T23:02:26.861] [DEBUG] cheese - login => username:admin,password:123456
[2020-06-03T23:02:26.863] [DEBUG] cheese - admin
[2020-06-03T23:02:26.875] [DEBUG] cheese - null
[2020-06-03T23:02:26.875] [DEBUG] cheese - null
[2020-06-04T08:24:56.047] [DEBUG] cheese - login => username:admin,password:123456
[2020-06-04T08:24:56.049] [DEBUG] cheese - admin
[2020-06-04T08:24:56.150] [DEBUG] cheese - null
[2020-06-04T08:24:56.151] [DEBUG] cheese - null
[2020-06-04T08:26:55.001] [DEBUG] cheese - login => username:admin,password:123456
[2020-06-04T08:26:55.002] [DEBUG] cheese - admin
[2020-06-04T08:26:55.007] [DEBUG] cheese - null
[2020-06-04T08:26:55.007] [DEBUG] cheese - null
[2020-06-04T08:28:25.107] [DEBUG] cheese - login => username:admin,password:123456
[2020-06-04T08:28:25.108] [DEBUG] cheese - admin
[2020-06-04T08:28:25.118] [DEBUG] cheese - null
[2020-06-04T08:28:25.119] [DEBUG] cheese - null
[2020-06-04T09:43:12.261] [DEBUG] cheese - login => username:admin,password:123456
[2020-06-04T09:43:12.264] [DEBUG] cheese - admin
[2020-06-04T09:43:12.268] [DEBUG] cheese - null
[2020-06-04T09:43:12.268] [DEBUG] cheese - null
[2020-06-04T09:47:41.273] [DEBUG] cheese - login => username:admin,password:123456
[2020-06-04T09:47:41.273] [DEBUG] cheese - admin
[2020-06-04T09:47:41.275] [DEBUG] cheese - null
[2020-06-04T09:47:41.276] [DEBUG] cheese - null
[2020-06-04T10:04:36.541] [DEBUG] cheese - login => username:admin,password:123456
[2020-06-04T10:04:36.542] [DEBUG] cheese - admin
[2020-06-04T10:04:36.554] [DEBUG] cheese - null
[2020-06-04T10:04:36.555] [DEBUG] cheese - null
[2020-06-10T10:32:41.711] [DEBUG] cheese - login => username:admin,password:123456
[2020-06-10T10:32:41.712] [DEBUG] cheese - admin
[2020-06-10T10:32:41.764] [DEBUG] cheese - null
[2020-06-10T10:32:41.765] [DEBUG] cheese - null
[2020-06-10T10:51:29.084] [DEBUG] cheese - login => username:admin,password:123456
[2020-06-10T10:51:29.085] [DEBUG] cheese - admin
[2020-06-10T10:51:29.089] [DEBUG] cheese - null
[2020-06-10T10:51:29.090] [DEBUG] cheese - null
[2020-06-10T10:52:23.416] [DEBUG] cheese - login => username:admin,password:123456
[2020-06-10T10:52:23.417] [DEBUG] cheese - admin
[2020-06-10T10:52:23.419] [DEBUG] cheese - null
[2020-06-10T10:52:23.419] [DEBUG] cheese - null
[2020-06-10T11:04:47.836] [DEBUG] cheese - null
[2020-06-10T13:05:48.897] [DEBUG] cheese - login => username:admin,password:123456
[2020-06-10T13:05:48.899] [DEBUG] cheese - admin
[2020-06-10T13:05:48.903] [DEBUG] cheese - null
[2020-06-10T13:05:48.904] [DEBUG] cheese - null
